New log file opened at Mon Nov 21 20:31:08 MST 2016 by 9446@Christophers-MacBook-Pro.local
Taking next connection to: 52125
New client attempting to connect on port: 52126-52125
  Address = /192.168.0.105:52125
This client on port 52126 has uuid 9f69d443-b1d9-4789-9a1b-b9170287a3ce configName activator humanReadableName Activator protocolVersion 3 featureTags Vector()
Connected Clients: activator-9f69d443-b1d9-4789-9a1b-b9170287a3ce
Taking next connection to: 52125
Checking to see if clients are empty...
We have 1 non-daemon clients, continuing serving connections.
Taking next connection to: 52125
Checking to see if clients are empty...
We have 1 non-daemon clients, continuing serving connections.
Taking next connection to: 52125
Checking to see if clients are empty...
We have 1 non-daemon clients, continuing serving connections.
Taking next connection to: 52125
Checking to see if clients are empty...
We have 1 non-daemon clients, continuing serving connections.
Taking next connection to: 52125
Checking to see if clients are empty...
We have 1 non-daemon clients, continuing serving connections.
Taking next connection to: 52125
Checking to see if clients are empty...
We have 1 non-daemon clients, continuing serving connections.
Taking next connection to: 52125
Checking to see if clients are empty...
We have 1 non-daemon clients, continuing serving connections.
Taking next connection to: 52125
Checking to see if clients are empty...
We have 1 non-daemon clients, continuing serving connections.
Taking next connection to: 52125
Checking to see if clients are empty...
We have 1 non-daemon clients, continuing serving connections.
Taking next connection to: 52125
Checking to see if clients are empty...
We have 1 non-daemon clients, continuing serving connections.
Taking next connection to: 52125
